2019-10-09T21:06:49.554685270Z yarn install v1.19.1
2019-10-09T21:06:49.884730883Z warning package-lock.json found. Your project contains lock files generated by tools other than Yarn. It is advised not to mix package managers in order to avoid resolution inconsistencies caused by unsynchronized lock files. To clear this warning, remove package-lock.json.
2019-10-09T21:06:49.904687417Z [1/4] Resolving packages...
2019-10-09T21:06:50.992619711Z [2/4] Fetching packages...
2019-10-09T21:06:54.002554791Z info fsevents@1.2.9: The platform "linux" is incompatible with this module.
2019-10-09T21:06:54.016940188Z info "fsevents@1.2.9" is an optional dependency and failed compatibility check. Excluding it from installation.
2019-10-09T21:06:54.057620260Z [3/4] Linking dependencies...
2019-10-09T21:06:54.071912856Z warning " > webpack-dev-server@3.8.0" has unmet peer dependency "webpack@^4.0.0".
2019-10-09T21:06:54.073013664Z warning "webpack-dev-server > webpack-dev-middleware@3.7.1" has unmet peer dependency "webpack@^4.0.0".
2019-10-09T21:07:02.915021444Z [4/4] Building fresh packages...
2019-10-09T21:07:02.957491529Z Done in 13.42s.

2019-10-09T21:21:28.126039397Z yarn install v1.19.1
2019-10-09T21:21:30.831569798Z warning package-lock.json found. Your project contains lock files generated by tools other than Yarn. It is advised not to mix package managers in order to avoid resolution inconsistencies caused by unsynchronized lock files. To clear this warning, remove package-lock.json.
2019-10-09T21:21:30.848668713Z [1/4] Resolving packages...
2019-10-09T21:21:31.832056065Z [2/4] Fetching packages...
2019-10-09T21:21:34.131629120Z info fsevents@1.2.9: The platform "linux" is incompatible with this module.
2019-10-09T21:21:34.132800628Z info "fsevents@1.2.9" is an optional dependency and failed compatibility check. Excluding it from installation.
2019-10-09T21:21:34.148167732Z [3/4] Linking dependencies...
2019-10-09T21:21:34.161038719Z warning " > webpack-dev-server@3.8.0" has unmet peer dependency "webpack@^4.0.0".
2019-10-09T21:21:34.161966325Z warning "webpack-dev-server > webpack-dev-middleware@3.7.1" has unmet peer dependency "webpack@^4.0.0".
2019-10-09T21:21:42.856530335Z [4/4] Building fresh packages...
2019-10-09T21:21:42.903815955Z Done in 14.81s.

2019-10-09T21:26:21.945430300Z yarn install v1.19.1
2019-10-09T21:26:22.284072788Z warning package-lock.json found. Your project contains lock files generated by tools other than Yarn. It is advised not to mix package managers in order to avoid resolution inconsistencies caused by unsynchronized lock files. To clear this warning, remove package-lock.json.
2019-10-09T21:26:22.305776835Z [1/4] Resolving packages...
2019-10-09T21:26:23.380010992Z [2/4] Fetching packages...
2019-10-09T21:26:27.002590464Z info fsevents@1.2.9: The platform "linux" is incompatible with this module.
2019-10-09T21:26:27.010526918Z info "fsevents@1.2.9" is an optional dependency and failed compatibility check. Excluding it from installation.
2019-10-09T21:26:27.036679095Z [3/4] Linking dependencies...
2019-10-09T21:26:27.053500408Z warning " > webpack-dev-server@3.8.0" has unmet peer dependency "webpack@^4.0.0".
2019-10-09T21:26:27.053817811Z warning "webpack-dev-server > webpack-dev-middleware@3.7.1" has unmet peer dependency "webpack@^4.0.0".
2019-10-09T21:26:36.337650027Z [4/4] Building fresh packages...
2019-10-09T21:26:36.385124547Z Done in 14.49s.

