2019-10-09 23:52:54.997 INFO  - Pulling image: coupons.azurecr.io/coupons:v8
2019-10-09 23:52:56.733 INFO  - v8 Pulling from coupons
2019-10-09 23:52:56.737 INFO  - 4a56a430b2ba Pulling fs layer
2019-10-09 23:52:56.738 INFO  - 4b5cacb629f5 Pulling fs layer
2019-10-09 23:52:56.738 INFO  - 14408c8d4f9a Pulling fs layer
2019-10-09 23:52:56.738 INFO  - ea67eaa7dd42 Pulling fs layer
2019-10-09 23:52:56.738 INFO  - 4d134ac3fe4b Pulling fs layer
2019-10-09 23:52:56.738 INFO  - b216c34c2d5e Pulling fs layer
2019-10-09 23:52:56.738 INFO  - 5b9312a91ac2 Pulling fs layer
2019-10-09 23:52:56.738 INFO  - 39334b284a30 Pulling fs layer
2019-10-09 23:52:56.739 INFO  - f34a5fcb13cf Pulling fs layer
2019-10-09 23:52:56.739 INFO  - 06d45e2ad94f Pulling fs layer
2019-10-09 23:52:56.739 INFO  - 82ce76110a17 Pulling fs layer
2019-10-09 23:52:56.739 INFO  - 06d1536607d7 Pulling fs layer
2019-10-09 23:52:56.739 INFO  - 66ceb85e7bfa Pulling fs layer
2019-10-09 23:52:56.739 INFO  - ccd3d67b4e8e Pulling fs layer
2019-10-09 23:52:56.739 INFO  - 4bae3de3e589 Pulling fs layer
2019-10-09 23:52:56.739 INFO  - 377696d947f7 Pulling fs layer
2019-10-09 23:52:56.739 INFO  - 3cf86b23c1a3 Pulling fs layer
2019-10-09 23:52:57.801 INFO  - 39334b284a30 Downloading 142B / 142B
2019-10-09 23:52:57.801 INFO  - 39334b284a30 Verifying Checksum
2019-10-09 23:52:57.801 INFO  - 39334b284a30 Download complete
2019-10-09 23:52:57.801 INFO  - 3cf86b23c1a3 Downloading 308B / 308B
2019-10-09 23:52:57.801 INFO  - 3cf86b23c1a3 Verifying Checksum
2019-10-09 23:52:57.801 INFO  - 3cf86b23c1a3 Download complete
2019-10-09 23:52:57.801 INFO  - 82ce76110a17 Downloading 1KB / 1KB
2019-10-09 23:52:57.801 INFO  - 82ce76110a17 Verifying Checksum
2019-10-09 23:52:57.801 INFO  - 82ce76110a17 Download complete
2019-10-09 23:52:57.801 INFO  - 06d45e2ad94f Downloading 94B / 94B
2019-10-09 23:52:57.801 INFO  - 06d45e2ad94f Verifying Checksum
2019-10-09 23:52:57.801 INFO  - 06d45e2ad94f Download complete
2019-10-09 23:52:57.840 INFO  - b216c34c2d5e Downloading 199B / 199B
2019-10-09 23:52:57.840 INFO  - b216c34c2d5e Verifying Checksum
2019-10-09 23:52:57.840 INFO  - b216c34c2d5e Download complete
2019-10-09 23:52:57.895 INFO  - 06d1536607d7 Downloading 2KB / 2KB
2019-10-09 23:52:57.895 INFO  - 06d1536607d7 Verifying Checksum
2019-10-09 23:52:57.895 INFO  - 06d1536607d7 Download complete
2019-10-09 23:52:58.030 INFO  - 4bae3de3e589 Downloading 63KB / 2MB
2019-10-09 23:52:58.117 INFO  - 14408c8d4f9a Downloading 223KB / 9MB
2019-10-09 23:52:58.147 INFO  - 4bae3de3e589 Downloading 159KB / 2MB
2019-10-09 23:52:58.211 INFO  - 4b5cacb629f5 Downloading 159KB / 7MB
2019-10-09 23:52:58.330 INFO  - 4b5cacb629f5 Downloading 319KB / 7MB
2019-10-09 23:52:58.369 INFO  - 5b9312a91ac2 Downloading 447KB / 20MB
2019-10-09 23:52:58.380 INFO  - f34a5fcb13cf Downloading 639KB / 29MB
2019-10-09 23:52:58.384 INFO  - 377696d947f7 Downloading 527KB / 55MB
2019-10-09 23:52:58.389 INFO  - 4d134ac3fe4b Downloading 527KB / 183MB
2019-10-09 23:52:58.398 INFO  - ccd3d67b4e8e Downloading 527KB / 95MB
2019-10-09 23:52:58.438 INFO  - 66ceb85e7bfa Downloading 527KB / 115MB
2019-10-09 23:52:58.473 INFO  - 14408c8d4f9a Downloading 1007KB / 9MB
2019-10-09 23:52:58.479 INFO  - 4a56a430b2ba Downloading 991KB / 48MB
2019-10-09 23:52:58.504 INFO  - 4bae3de3e589 Downloading 799KB / 2MB
2019-10-09 23:52:58.510 INFO  - 4d134ac3fe4b Downloading 1MB / 183MB
2019-10-09 23:52:58.532 INFO  - ea67eaa7dd42 Downloading 1023KB / 49MB
2019-10-09 23:52:58.558 INFO  - 66ceb85e7bfa Downloading 1MB / 115MB
2019-10-09 23:52:58.591 INFO  - 14408c8d4f9a Downloading 1MB / 9MB
2019-10-09 23:52:58.603 INFO  - 4a56a430b2ba Downloading 1MB / 48MB
2019-10-09 23:52:58.606 INFO  - 5b9312a91ac2 Downloading 895KB / 20MB
2019-10-09 23:52:58.622 INFO  - 4bae3de3e589 Downloading 1MB / 2MB
2019-10-09 23:52:58.629 INFO  - 4d134ac3fe4b Downloading 1MB / 183MB
2019-10-09 23:52:58.687 INFO  - 4b5cacb629f5 Downloading 1MB / 7MB
2019-10-09 23:52:58.763 INFO  - 4bae3de3e589 Downloading 1MB / 2MB
2019-10-09 23:52:58.770 INFO  - ccd3d67b4e8e Downloading 2MB / 95MB
2019-10-09 23:52:58.778 INFO  - 377696d947f7 Downloading 1MB / 55MB
2019-10-09 23:52:58.848 INFO  - 4bae3de3e589 Verifying Checksum
2019-10-09 23:52:58.849 INFO  - 4bae3de3e589 Download complete
2019-10-09 23:52:58.851 INFO  - ea67eaa7dd42 Downloading 1MB / 49MB
2019-10-09 23:52:58.852 INFO  - 14408c8d4f9a Downloading 3MB / 9MB
2019-10-09 23:52:58.862 INFO  - 4b5cacb629f5 Downloading 2MB / 7MB
2019-10-09 23:52:59.069 INFO  - ea67eaa7dd42 Downloading 2MB / 49MB
2019-10-09 23:52:59.069 INFO  - 66ceb85e7bfa Downloading 3MB / 115MB
2019-10-09 23:52:59.070 INFO  - 5b9312a91ac2 Downloading 3MB / 20MB
2019-10-09 23:52:59.071 INFO  - 14408c8d4f9a Downloading 4MB / 9MB
2019-10-09 23:52:59.082 INFO  - ccd3d67b4e8e Downloading 4MB / 95MB
2019-10-09 23:52:59.189 INFO  - f34a5fcb13cf Downloading 4MB / 29MB
2019-10-09 23:52:59.193 INFO  - 4a56a430b2ba Downloading 4MB / 48MB
2019-10-09 23:52:59.196 INFO  - ccd3d67b4e8e Downloading 4MB / 95MB
2019-10-09 23:52:59.301 INFO  - 4d134ac3fe4b Downloading 4MB / 183MB
2019-10-09 23:52:59.313 INFO  - 4b5cacb629f5 Downloading 5MB / 7MB
2019-10-09 23:52:59.315 INFO  - 5b9312a91ac2 Downloading 4MB / 20MB
2019-10-09 23:52:59.340 INFO  - 4a56a430b2ba Downloading 7MB / 48MB
2019-10-09 23:52:59.400 INFO  - 66ceb85e7bfa Downloading 7MB / 115MB
2019-10-09 23:52:59.403 INFO  - 4d134ac3fe4b Downloading 4MB / 183MB
2019-10-09 23:52:59.403 INFO  - 14408c8d4f9a Downloading 5MB / 9MB
2019-10-09 23:52:59.413 INFO  - 4b5cacb629f5 Downloading 7MB / 7MB
2019-10-09 23:52:59.439 INFO  - ccd3d67b4e8e Downloading 6MB / 95MB
2019-10-09 23:52:59.483 INFO  - 4b5cacb629f5 Verifying Checksum
2019-10-09 23:52:59.483 INFO  - 4b5cacb629f5 Download complete
2019-10-09 23:52:59.485 INFO  - f34a5fcb13cf Downloading 6MB / 29MB
2019-10-09 23:52:59.489 INFO  - ea67eaa7dd42 Downloading 8MB / 49MB
2019-10-09 23:52:59.552 INFO  - ccd3d67b4e8e Downloading 8MB / 95MB
2019-10-09 23:52:59.578 INFO  - 14408c8d4f9a Verifying Checksum
2019-10-09 23:52:59.578 INFO  - 14408c8d4f9a Download complete
2019-10-09 23:52:59.586 INFO  - 4d134ac3fe4b Downloading 8MB / 183MB
2019-10-09 23:52:59.603 INFO  - f34a5fcb13cf Downloading 9MB / 29MB
2019-10-09 23:52:59.660 INFO  - ccd3d67b4e8e Downloading 10MB / 95MB
2019-10-09 23:52:59.697 INFO  - 377696d947f7 Downloading 8MB / 55MB
2019-10-09 23:52:59.707 INFO  - f34a5fcb13cf Downloading 11MB / 29MB
2019-10-09 23:52:59.733 INFO  - 4a56a430b2ba Downloading 11MB / 48MB
2019-10-09 23:52:59.749 INFO  - ea67eaa7dd42 Downloading 10MB / 49MB
2019-10-09 23:52:59.763 INFO  - 5b9312a91ac2 Downloading 9MB / 20MB
2019-10-09 23:52:59.812 INFO  - 66ceb85e7bfa Downloading 10MB / 115MB
2019-10-09 23:52:59.826 INFO  - 377696d947f7 Downloading 10MB / 55MB
2019-10-09 23:52:59.840 INFO  - 4d134ac3fe4b Downloading 11MB / 183MB
2019-10-09 23:52:59.873 INFO  - ea67eaa7dd42 Downloading 12MB / 49MB
2019-10-09 23:52:59.888 INFO  - f34a5fcb13cf Downloading 12MB / 29MB
2019-10-09 23:52:59.902 INFO  - ccd3d67b4e8e Downloading 12MB / 95MB
2019-10-09 23:52:59.923 INFO  - 66ceb85e7bfa Downloading 11MB / 115MB
2019-10-09 23:52:59.979 INFO  - 4d134ac3fe4b Downloading 12MB / 183MB
2019-10-09 23:53:00.050 INFO  - 5b9312a91ac2 Downloading 12MB / 20MB
2019-10-09 23:53:00.084 INFO  - 66ceb85e7bfa Downloading 12MB / 115MB
2019-10-09 23:53:00.087 INFO  - 377696d947f7 Downloading 12MB / 55MB
2019-10-09 23:53:00.174 INFO  - 5b9312a91ac2 Downloading 14MB / 20MB
2019-10-09 23:53:00.217 INFO  - 377696d947f7 Downloading 14MB / 55MB
2019-10-09 23:53:00.235 INFO  - 66ceb85e7bfa Downloading 14MB / 115MB
2019-10-09 23:53:00.243 INFO  - ea67eaa7dd42 Downloading 16MB / 49MB
2019-10-09 23:53:00.278 INFO  - 5b9312a91ac2 Downloading 15MB / 20MB
2019-10-09 23:53:00.289 INFO  - f34a5fcb13cf Downloading 16MB / 29MB
2019-10-09 23:53:00.319 INFO  - 4a56a430b2ba Downloading 16MB / 48MB
2019-10-09 23:53:00.445 INFO  - 4a56a430b2ba Downloading 18MB / 48MB
2019-10-09 23:53:00.467 INFO  - 66ceb85e7bfa Downloading 16MB / 115MB
2019-10-09 23:53:00.493 INFO  - 4d134ac3fe4b Downloading 18MB / 183MB
2019-10-09 23:53:00.526 INFO  - ccd3d67b4e8e Downloading 18MB / 95MB
2019-10-09 23:53:00.555 INFO  - 5b9312a91ac2 Downloading 18MB / 20MB
2019-10-09 23:53:00.625 INFO  - ea67eaa7dd42 Downloading 20MB / 49MB
2019-10-09 23:53:00.666 INFO  - f34a5fcb13cf Downloading 20MB / 29MB
2019-10-09 23:53:00.712 INFO  - 4a56a430b2ba Downloading 20MB / 48MB
2019-10-09 23:53:00.737 INFO  - 4d134ac3fe4b Downloading 20MB / 183MB
2019-10-09 23:53:00.801 INFO  - 5b9312a91ac2 Downloading 20MB / 20MB
2019-10-09 23:53:00.810 INFO  - 5b9312a91ac2 Verifying Checksum
2019-10-09 23:53:00.810 INFO  - 5b9312a91ac2 Download complete
2019-10-09 23:53:00.835 INFO  - 4a56a430b2ba Downloading 22MB / 48MB
2019-10-09 23:53:00.858 INFO  - 4d134ac3fe4b Downloading 22MB / 183MB
2019-10-09 23:53:00.873 INFO  - 377696d947f7 Downloading 20MB / 55MB
2019-10-09 23:53:00.923 INFO  - ccd3d67b4e8e Downloading 21MB / 95MB
2019-10-09 23:53:00.931 INFO  - f34a5fcb13cf Downloading 24MB / 29MB
2019-10-09 23:53:00.991 INFO  - 377696d947f7 Downloading 22MB / 55MB
2019-10-09 23:53:01.005 INFO  - ea67eaa7dd42 Downloading 24MB / 49MB
2019-10-09 23:53:01.088 INFO  - 4a56a430b2ba Downloading 24MB / 48MB
2019-10-09 23:53:01.104 INFO  - 66ceb85e7bfa Downloading 24MB / 115MB
2019-10-09 23:53:01.180 INFO  - ccd3d67b4e8e Downloading 23MB / 95MB
2019-10-09 23:53:01.206 INFO  - 4a56a430b2ba Downloading 26MB / 48MB
2019-10-09 23:53:01.231 INFO  - 66ceb85e7bfa Downloading 26MB / 115MB
2019-10-09 23:53:01.233 INFO  - f34a5fcb13cf Downloading 28MB / 29MB
2019-10-09 23:53:01.285 INFO  - 4d134ac3fe4b Downloading 26MB / 183MB
2019-10-09 23:53:01.289 INFO  - 377696d947f7 Downloading 24MB / 55MB
2019-10-09 23:53:01.360 INFO  - f34a5fcb13cf Verifying Checksum
2019-10-09 23:53:01.361 INFO  - f34a5fcb13cf Download complete
2019-10-09 23:53:01.508 INFO  - 4a56a430b2ba Downloading 28MB / 48MB
2019-10-09 23:53:01.533 INFO  - 377696d947f7 Downloading 27MB / 55MB
2019-10-09 23:53:01.536 INFO  - 66ceb85e7bfa Downloading 28MB / 115MB
2019-10-09 23:53:01.541 INFO  - 4d134ac3fe4b Downloading 30MB / 183MB
2019-10-09 23:53:01.594 INFO  - ccd3d67b4e8e Downloading 25MB / 95MB
2019-10-09 23:53:01.598 INFO  - ea67eaa7dd42 Downloading 30MB / 49MB
2019-10-09 23:53:01.681 INFO  - 66ceb85e7bfa Downloading 30MB / 115MB
2019-10-09 23:53:01.699 INFO  - ea67eaa7dd42 Downloading 32MB / 49MB
2019-10-09 23:53:01.769 INFO  - 4a56a430b2ba Downloading 31MB / 48MB
2019-10-09 23:53:01.800 INFO  - 4d134ac3fe4b Downloading 34MB / 183MB
2019-10-09 23:53:01.964 INFO  - ccd3d67b4e8e Downloading 26MB / 95MB
2019-10-09 23:53:01.988 INFO  - ea67eaa7dd42 Downloading 35MB / 49MB
2019-10-09 23:53:02.084 INFO  - ccd3d67b4e8e Downloading 27MB / 95MB
2019-10-09 23:53:02.164 INFO  - 4a56a430b2ba Downloading 35MB / 48MB
2019-10-09 23:53:02.166 INFO  - 66ceb85e7bfa Downloading 35MB / 115MB
2019-10-09 23:53:02.207 INFO  - 377696d947f7 Downloading 34MB / 55MB
2019-10-09 23:53:02.293 INFO  - ea67eaa7dd42 Downloading 39MB / 49MB
2019-10-09 23:53:02.467 INFO  - 4a56a430b2ba Downloading 38MB / 48MB
2019-10-09 23:53:02.472 INFO  - 66ceb85e7bfa Downloading 37MB / 115MB
2019-10-09 23:53:02.486 INFO  - ea67eaa7dd42 Downloading 40MB / 49MB
2019-10-09 23:53:02.616 INFO  - 377696d947f7 Downloading 38MB / 55MB
2019-10-09 23:53:02.618 INFO  - 66ceb85e7bfa Downloading 38MB / 115MB
2019-10-09 23:53:02.659 INFO  - 4a56a430b2ba Downloading 39MB / 48MB
2019-10-09 23:53:02.698 INFO  - ea67eaa7dd42 Downloading 41MB / 49MB
2019-10-09 23:53:02.751 INFO  - 4d134ac3fe4b Downloading 41MB / 183MB
2019-10-09 23:53:02.752 INFO  - ea67eaa7dd42 Downloading 43MB / 49MB
2019-10-09 23:53:02.794 INFO  - 66ceb85e7bfa Downloading 39MB / 115MB
2019-10-09 23:53:02.905 INFO  - ea67eaa7dd42 Downloading 44MB / 49MB
2019-10-09 23:53:02.939 INFO  - 66ceb85e7bfa Downloading 40MB / 115MB
2019-10-09 23:53:02.945 INFO  - 377696d947f7 Downloading 42MB / 55MB
2019-10-09 23:53:02.999 INFO  - 4d134ac3fe4b Downloading 44MB / 183MB
2019-10-09 23:53:03.056 INFO  - ccd3d67b4e8e Downloading 28MB / 95MB
2019-10-09 23:53:03.126 INFO  - 4d134ac3fe4b Downloading 44MB / 183MB
2019-10-09 23:53:03.179 INFO  - 377696d947f7 Downloading 44MB / 55MB
2019-10-09 23:53:03.196 INFO  - 4a56a430b2ba Downloading 46MB / 48MB
2019-10-09 23:53:03.197 INFO  - 66ceb85e7bfa Downloading 42MB / 115MB
2019-10-09 23:53:03.260 INFO  - ea67eaa7dd42 Downloading 48MB / 49MB
2019-10-09 23:53:03.280 INFO  - ea67eaa7dd42 Verifying Checksum
2019-10-09 23:53:03.281 INFO  - ea67eaa7dd42 Download complete
2019-10-09 23:53:03.291 INFO  - ccd3d67b4e8e Downloading 29MB / 95MB
2019-10-09 23:53:03.393 INFO  - 4a56a430b2ba Verifying Checksum
2019-10-09 23:53:03.393 INFO  - 4a56a430b2ba Download complete
2019-10-09 23:53:03.442 INFO  - 377696d947f7 Downloading 48MB / 55MB
2019-10-09 23:53:03.462 INFO  - 66ceb85e7bfa Downloading 44MB / 115MB
2019-10-09 23:53:03.561 INFO  - 377696d947f7 Downloading 51MB / 55MB
2019-10-09 23:53:03.608 INFO  - 4d134ac3fe4b Downloading 47MB / 183MB
2019-10-09 23:53:03.697 INFO  - 66ceb85e7bfa Downloading 46MB / 115MB
2019-10-09 23:53:03.746 INFO  - 4d134ac3fe4b Downloading 48MB / 183MB
2019-10-09 23:53:09.184 INFO  - ccd3d67b4e8e Downloading 30MB / 95MB
2019-10-09 23:53:09.185 INFO  - 4d134ac3fe4b Downloading 48MB / 183MB
2019-10-09 23:53:09.350 INFO  - 377696d947f7 Downloading 52MB / 55MB
2019-10-09 23:53:09.387 INFO  - 377696d947f7 Verifying Checksum
2019-10-09 23:53:09.404 INFO  - 377696d947f7 Download complete
2019-10-09 23:53:09.405 INFO  - 66ceb85e7bfa Downloading 52MB / 115MB
2019-10-09 23:53:09.406 INFO  - ccd3d67b4e8e Downloading 35MB / 95MB
2019-10-09 23:53:09.642 INFO  - 66ceb85e7bfa Downloading 54MB / 115MB
2019-10-09 23:53:09.658 INFO  - 4d134ac3fe4b Downloading 55MB / 183MB
2019-10-09 23:53:09.906 INFO  - 66ceb85e7bfa Downloading 56MB / 115MB
2019-10-09 23:53:09.930 INFO  - 4d134ac3fe4b Downloading 56MB / 183MB
2019-10-09 23:53:10.047 INFO  - 4d134ac3fe4b Downloading 56MB / 183MB
2019-10-09 23:53:10.142 INFO  - 66ceb85e7bfa Downloading 58MB / 115MB
2019-10-09 23:53:10.269 INFO  - ccd3d67b4e8e Downloading 36MB / 95MB
2019-10-09 23:53:10.401 INFO  - 66ceb85e7bfa Downloading 60MB / 115MB
2019-10-09 23:53:10.411 INFO  - 4d134ac3fe4b Downloading 59MB / 183MB
2019-10-09 23:53:10.504 INFO  - ccd3d67b4e8e Downloading 37MB / 95MB
2019-10-09 23:53:10.523 INFO  - 66ceb85e7bfa Downloading 61MB / 115MB
2019-10-09 23:53:10.530 INFO  - 4d134ac3fe4b Downloading 59MB / 183MB
2019-10-09 23:53:10.668 INFO  - 4d134ac3fe4b Downloading 60MB / 183MB
2019-10-09 23:53:10.764 INFO  - 66ceb85e7bfa Downloading 63MB / 115MB
2019-10-09 23:53:11.018 INFO  - 66ceb85e7bfa Downloading 65MB / 115MB
2019-10-09 23:53:11.026 INFO  - 4d134ac3fe4b Downloading 62MB / 183MB
2019-10-09 23:53:11.100 INFO  - ccd3d67b4e8e Downloading 38MB / 95MB
2019-10-09 23:53:11.144 INFO  - 4d134ac3fe4b Downloading 62MB / 183MB
2019-10-09 23:53:11.254 INFO  - 66ceb85e7bfa Downloading 67MB / 115MB
2019-10-09 23:53:11.265 INFO  - 4d134ac3fe4b Downloading 63MB / 183MB
2019-10-09 23:53:11.387 INFO  - 66ceb85e7bfa Downloading 68MB / 115MB
2019-10-09 23:53:11.512 INFO  - 66ceb85e7bfa Downloading 69MB / 115MB
2019-10-09 23:53:11.630 INFO  - 66ceb85e7bfa Downloading 70MB / 115MB
2019-10-09 23:53:11.760 INFO  - 4d134ac3fe4b Downloading 66MB / 183MB
2019-10-09 23:53:11.817 INFO  - ccd3d67b4e8e Downloading 40MB / 95MB
2019-10-09 23:53:11.881 INFO  - 4d134ac3fe4b Downloading 67MB / 183MB
2019-10-09 23:53:11.888 INFO  - 66ceb85e7bfa Downloading 72MB / 115MB
2019-10-09 23:53:12.052 INFO  - ccd3d67b4e8e Downloading 40MB / 95MB
2019-10-09 23:53:12.124 INFO  - 66ceb85e7bfa Downloading 74MB / 115MB
2019-10-09 23:53:12.500 INFO  - 4d134ac3fe4b Downloading 69MB / 183MB
2019-10-09 23:53:12.514 INFO  - 66ceb85e7bfa Downloading 77MB / 115MB
2019-10-09 23:53:12.530 INFO  - ccd3d67b4e8e Downloading 42MB / 95MB
2019-10-09 23:53:12.649 INFO  - ccd3d67b4e8e Downloading 42MB / 95MB
2019-10-09 23:53:12.745 INFO  - 66ceb85e7bfa Downloading 79MB / 115MB
2019-10-09 23:53:12.853 INFO  - 4d134ac3fe4b Downloading 70MB / 183MB
2019-10-09 23:53:13.005 INFO  - 66ceb85e7bfa Downloading 81MB / 115MB
2019-10-09 23:53:13.206 INFO  - 4d134ac3fe4b Downloading 70MB / 183MB
2019-10-09 23:53:13.257 INFO  - ccd3d67b4e8e Downloading 44MB / 95MB
2019-10-09 23:53:13.374 INFO  - 66ceb85e7bfa Downloading 84MB / 115MB
2019-10-09 23:53:13.444 INFO  - 4d134ac3fe4b Downloading 71MB / 183MB
2019-10-09 23:53:13.617 INFO  - 66ceb85e7bfa Downloading 86MB / 115MB
2019-10-09 23:53:13.745 INFO  - ccd3d67b4e8e Downloading 45MB / 95MB
2019-10-09 23:53:13.872 INFO  - 66ceb85e7bfa Downloading 88MB / 115MB
2019-10-09 23:53:13.979 INFO  - ccd3d67b4e8e Downloading 46MB / 95MB
2019-10-09 23:53:13.991 INFO  - 66ceb85e7bfa Downloading 89MB / 115MB
2019-10-09 23:53:14.114 INFO  - 66ceb85e7bfa Downloading 90MB / 115MB
2019-10-09 23:53:14.339 INFO  - ccd3d67b4e8e Downloading 47MB / 95MB
2019-10-09 23:53:14.486 INFO  - 66ceb85e7bfa Downloading 93MB / 115MB
2019-10-09 23:53:14.584 INFO  - ccd3d67b4e8e Downloading 48MB / 95MB
2019-10-09 23:53:14.724 INFO  - 66ceb85e7bfa Downloading 95MB / 115MB
2019-10-09 23:53:14.766 INFO  - 4d134ac3fe4b Downloading 73MB / 183MB
2019-10-09 23:53:14.943 INFO  - ccd3d67b4e8e Downloading 50MB / 95MB
2019-10-09 23:53:14.979 INFO  - 66ceb85e7bfa Downloading 97MB / 115MB
2019-10-09 23:53:15.001 INFO  - 4d134ac3fe4b Downloading 74MB / 183MB
2019-10-09 23:53:15.061 INFO  - ccd3d67b4e8e Downloading 50MB / 95MB
2019-10-09 23:53:15.096 INFO  - 66ceb85e7bfa Downloading 98MB / 115MB
2019-10-09 23:53:15.236 INFO  - 4d134ac3fe4b Downloading 74MB / 183MB
2019-10-09 23:53:15.297 INFO  - ccd3d67b4e8e Downloading 51MB / 95MB
2019-10-09 23:53:15.351 INFO  - 66ceb85e7bfa Downloading 100MB / 115MB
2019-10-09 23:53:15.544 INFO  - ccd3d67b4e8e Downloading 52MB / 95MB
2019-10-09 23:53:15.593 INFO  - 66ceb85e7bfa Downloading 102MB / 115MB
2019-10-09 23:53:15.788 INFO  - ccd3d67b4e8e Downloading 53MB / 95MB
2019-10-09 23:53:15.908 INFO  - ccd3d67b4e8e Downloading 54MB / 95MB
2019-10-09 23:53:16.083 INFO  - 66ceb85e7bfa Downloading 106MB / 115MB
2019-10-09 23:53:16.199 INFO  - 66ceb85e7bfa Downloading 107MB / 115MB
2019-10-09 23:53:16.265 INFO  - ccd3d67b4e8e Downloading 55MB / 95MB
2019-10-09 23:53:16.331 INFO  - 4d134ac3fe4b Downloading 77MB / 183MB
2019-10-09 23:53:16.393 INFO  - ccd3d67b4e8e Downloading 56MB / 95MB
2019-10-09 23:53:16.451 INFO  - 4d134ac3fe4b Downloading 77MB / 183MB
2019-10-09 23:53:16.453 INFO  - 66ceb85e7bfa Downloading 109MB / 115MB
2019-10-09 23:53:16.634 INFO  - ccd3d67b4e8e Downloading 57MB / 95MB
2019-10-09 23:53:16.686 INFO  - 4d134ac3fe4b Downloading 78MB / 183MB
2019-10-09 23:53:16.692 INFO  - 66ceb85e7bfa Downloading 111MB / 115MB
2019-10-09 23:53:16.825 INFO  - 66ceb85e7bfa Downloading 112MB / 115MB
2019-10-09 23:53:16.986 INFO  - ccd3d67b4e8e Downloading 59MB / 95MB
2019-10-09 23:53:17.063 INFO  - 66ceb85e7bfa Downloading 114MB / 115MB
2019-10-09 23:53:17.185 INFO  - 66ceb85e7bfa Verifying Checksum
2019-10-09 23:53:17.185 INFO  - 66ceb85e7bfa Download complete
2019-10-09 23:53:17.478 INFO  - ccd3d67b4e8e Downloading 61MB / 95MB
2019-10-09 23:53:18.087 INFO  - ccd3d67b4e8e Downloading 64MB / 95MB
2019-10-09 23:53:18.447 INFO  - ccd3d67b4e8e Downloading 67MB / 95MB
2019-10-09 23:53:18.823 INFO  - ccd3d67b4e8e Downloading 69MB / 95MB
2019-10-09 23:53:18.934 INFO  - ccd3d67b4e8e Downloading 69MB / 95MB
2019-10-09 23:53:19.057 INFO  - ccd3d67b4e8e Downloading 70MB / 95MB
2019-10-09 23:53:19.171 INFO  - ccd3d67b4e8e Downloading 71MB / 95MB
2019-10-09 23:53:19.548 INFO  - ccd3d67b4e8e Downloading 73MB / 95MB
2019-10-09 23:53:19.779 INFO  - ccd3d67b4e8e Downloading 74MB / 95MB
2019-10-09 23:53:19.892 INFO  - ccd3d67b4e8e Downloading 75MB / 95MB
2019-10-09 23:53:20.077 INFO  - 4d134ac3fe4b Downloading 84MB / 183MB
2019-10-09 23:53:20.392 INFO  - ccd3d67b4e8e Downloading 78MB / 95MB
2019-10-09 23:53:20.431 INFO  - 4d134ac3fe4b Downloading 85MB / 183MB
2019-10-09 23:53:20.647 INFO  - ccd3d67b4e8e Downloading 80MB / 95MB
2019-10-09 23:53:20.668 INFO  - 4d134ac3fe4b Downloading 85MB / 183MB
2019-10-09 23:53:20.762 INFO  - ccd3d67b4e8e Downloading 80MB / 95MB
2019-10-09 23:53:21.253 INFO  - ccd3d67b4e8e Downloading 84MB / 95MB
2019-10-09 23:53:21.493 INFO  - ccd3d67b4e8e Downloading 86MB / 95MB
2019-10-09 23:53:21.863 INFO  - ccd3d67b4e8e Downloading 88MB / 95MB
2019-10-09 23:53:21.879 INFO  - 4d134ac3fe4b Downloading 88MB / 183MB
2019-10-09 23:53:22.103 INFO  - ccd3d67b4e8e Downloading 90MB / 95MB
2019-10-09 23:53:22.118 INFO  - 4d134ac3fe4b Downloading 88MB / 183MB
2019-10-09 23:53:22.353 INFO  - 4d134ac3fe4b Downloading 89MB / 183MB
2019-10-09 23:53:22.466 INFO  - ccd3d67b4e8e Downloading 92MB / 95MB
2019-10-09 23:53:22.481 INFO  - 4d134ac3fe4b Downloading 89MB / 183MB
2019-10-09 23:53:22.703 INFO  - ccd3d67b4e8e Downloading 94MB / 95MB
2019-10-09 23:53:22.823 INFO  - ccd3d67b4e8e Verifying Checksum
2019-10-09 23:53:22.824 INFO  - ccd3d67b4e8e Download complete
2019-10-09 23:53:23.309 INFO  - 4d134ac3fe4b Downloading 91MB / 183MB
2019-10-09 23:53:23.565 INFO  - 4d134ac3fe4b Downloading 92MB / 183MB
2019-10-09 23:53:23.802 INFO  - 4d134ac3fe4b Downloading 92MB / 183MB
2019-10-09 23:53:23.922 INFO  - 4d134ac3fe4b Downloading 93MB / 183MB
2019-10-09 23:53:24.630 INFO  - 4d134ac3fe4b Downloading 95MB / 183MB
2019-10-09 23:53:24.749 INFO  - 4d134ac3fe4b Downloading 95MB / 183MB
2019-10-09 23:53:24.891 INFO  - 4d134ac3fe4b Downloading 96MB / 183MB
2019-10-09 23:53:25.131 INFO  - 4d134ac3fe4b Downloading 96MB / 183MB
2019-10-09 23:53:25.609 INFO  - 4d134ac3fe4b Downloading 98MB / 183MB
2019-10-09 23:53:25.838 INFO  - 4d134ac3fe4b Downloading 99MB / 183MB
2019-10-09 23:53:26.096 INFO  - 4d134ac3fe4b Downloading 100MB / 183MB
2019-10-09 23:53:26.215 INFO  - 4d134ac3fe4b Downloading 100MB / 183MB
2019-10-09 23:53:26.688 INFO  - 4d134ac3fe4b Downloading 102MB / 183MB
2019-10-09 23:53:26.806 INFO  - 4d134ac3fe4b Downloading 103MB / 183MB
2019-10-09 23:53:26.925 INFO  - 4d134ac3fe4b Downloading 103MB / 183MB
2019-10-09 23:53:27.068 INFO  - 4d134ac3fe4b Downloading 104MB / 183MB
2019-10-09 23:53:27.544 INFO  - 4d134ac3fe4b Downloading 106MB / 183MB
2019-10-09 23:53:27.663 INFO  - 4d134ac3fe4b Downloading 107MB / 183MB
2019-10-09 23:53:27.781 INFO  - 4d134ac3fe4b Downloading 107MB / 183MB
2019-10-09 23:53:28.281 INFO  - 4d134ac3fe4b Downloading 110MB / 183MB
2019-10-09 23:53:28.400 INFO  - 4d134ac3fe4b Downloading 110MB / 183MB
2019-10-09 23:53:28.518 INFO  - 4d134ac3fe4b Downloading 111MB / 183MB
2019-10-09 23:53:29.139 INFO  - 4d134ac3fe4b Downloading 114MB / 183MB
2019-10-09 23:53:29.257 INFO  - 4d134ac3fe4b Downloading 114MB / 183MB
2019-10-09 23:53:29.860 INFO  - 4d134ac3fe4b Downloading 117MB / 183MB
2019-10-09 23:53:29.996 INFO  - 4d134ac3fe4b Downloading 118MB / 183MB
2019-10-09 23:53:30.184 INFO  - 4a56a430b2ba Extracting 1MB / 48MB
2019-10-09 23:53:30.497 INFO  - 4d134ac3fe4b Downloading 121MB / 183MB
2019-10-09 23:53:30.619 INFO  - 4d134ac3fe4b Downloading 121MB / 183MB
2019-10-09 23:53:30.731 INFO  - 4d134ac3fe4b Downloading 122MB / 183MB
2019-10-09 23:53:31.229 INFO  - 4d134ac3fe4b Downloading 124MB / 183MB
2019-10-09 23:53:31.469 INFO  - 4d134ac3fe4b Downloading 125MB / 183MB
2019-10-09 23:53:31.824 INFO  - 4d134ac3fe4b Downloading 125MB / 183MB
2019-10-09 23:53:32.178 INFO  - 4d134ac3fe4b Downloading 126MB / 183MB
2019-10-09 23:53:33.395 INFO  - 4d134ac3fe4b Downloading 128MB / 183MB
2019-10-09 23:53:33.748 INFO  - 4d134ac3fe4b Downloading 128MB / 183MB
2019-10-09 23:53:33.987 INFO  - 4d134ac3fe4b Downloading 129MB / 183MB
2019-10-09 23:53:34.227 INFO  - 4d134ac3fe4b Downloading 129MB / 183MB
2019-10-09 23:53:34.276 INFO  - 4a56a430b2ba Extracting 2MB / 48MB
2019-10-09 23:53:35.164 INFO  - 4d134ac3fe4b Downloading 131MB / 183MB
2019-10-09 23:53:35.430 INFO  - 4d134ac3fe4b Downloading 132MB / 183MB
2019-10-09 23:53:35.670 INFO  - 4d134ac3fe4b Downloading 133MB / 183MB
2019-10-09 23:53:35.907 INFO  - 4d134ac3fe4b Downloading 133MB / 183MB
2019-10-09 23:53:36.619 INFO  - 4d134ac3fe4b Downloading 135MB / 183MB
2019-10-09 23:53:36.886 INFO  - 4d134ac3fe4b Downloading 136MB / 183MB
2019-10-09 23:53:37.007 INFO  - 4d134ac3fe4b Downloading 136MB / 183MB
2019-10-09 23:53:37.243 INFO  - 4d134ac3fe4b Downloading 137MB / 183MB
2019-10-09 23:53:37.837 INFO  - 4d134ac3fe4b Downloading 139MB / 183MB
2019-10-09 23:53:37.958 INFO  - 4d134ac3fe4b Downloading 139MB / 183MB
2019-10-09 23:53:38.217 INFO  - 4d134ac3fe4b Downloading 140MB / 183MB
2019-10-09 23:53:38.335 INFO  - 4d134ac3fe4b Downloading 140MB / 183MB
2019-10-09 23:53:38.930 INFO  - 4d134ac3fe4b Downloading 143MB / 183MB
2019-10-09 23:53:39.050 INFO  - 4d134ac3fe4b Downloading 143MB / 183MB
2019-10-09 23:53:39.299 INFO  - 4d134ac3fe4b Downloading 144MB / 183MB
2019-10-09 23:53:39.891 INFO  - 4d134ac3fe4b Downloading 146MB / 183MB
2019-10-09 23:53:40.008 INFO  - 4d134ac3fe4b Downloading 147MB / 183MB
2019-10-09 23:53:40.733 INFO  - 4d134ac3fe4b Downloading 150MB / 183MB
2019-10-09 23:53:40.792 INFO  - 4a56a430b2ba Extracting 3MB / 48MB
2019-10-09 23:53:40.878 INFO  - 4d134ac3fe4b Downloading 151MB / 183MB
2019-10-09 23:53:40.916 INFO  - 4a56a430b2ba Extracting 5MB / 48MB
2019-10-09 23:53:41.147 INFO  - 4a56a430b2ba Extracting 9MB / 48MB
2019-10-09 23:53:41.253 INFO  - 4a56a430b2ba Extracting 10MB / 48MB
2019-10-09 23:53:41.720 INFO  - 4d134ac3fe4b Downloading 154MB / 183MB
2019-10-09 23:53:41.839 INFO  - 4d134ac3fe4b Downloading 154MB / 183MB
2019-10-09 23:53:42.072 INFO  - 4d134ac3fe4b Downloading 155MB / 183MB
2019-10-09 23:53:42.296 INFO  - 4a56a430b2ba Extracting 12MB / 48MB
2019-10-09 23:53:42.399 INFO  - 4a56a430b2ba Extracting 13MB / 48MB
2019-10-09 23:53:42.560 INFO  - 4a56a430b2ba Extracting 14MB / 48MB
2019-10-09 23:53:42.694 INFO  - 4a56a430b2ba Extracting 16MB / 48MB
2019-10-09 23:53:42.798 INFO  - 4a56a430b2ba Extracting 17MB / 48MB
2019-10-09 23:53:42.922 INFO  - 4a56a430b2ba Extracting 19MB / 48MB
2019-10-09 23:53:43.025 INFO  - 4a56a430b2ba Extracting 21MB / 48MB
2019-10-09 23:53:43.138 INFO  - 4d134ac3fe4b Downloading 158MB / 183MB
2019-10-09 23:53:43.372 INFO  - 4d134ac3fe4b Downloading 158MB / 183MB
2019-10-09 23:53:43.474 INFO  - 4a56a430b2ba Extracting 24MB / 48MB
2019-10-09 23:53:43.575 INFO  - 4a56a430b2ba Extracting 26MB / 48MB
2019-10-09 23:53:43.655 INFO  - 4d134ac3fe4b Downloading 159MB / 183MB
2019-10-09 23:53:43.660 INFO  - 4a56a430b2ba Extracting 30MB / 48MB
2019-10-09 23:53:43.762 INFO  - 4a56a430b2ba Extracting 33MB / 48MB
2019-10-09 23:53:43.903 INFO  - 4a56a430b2ba Extracting 35MB / 48MB
2019-10-09 23:53:44.282 INFO  - 4a56a430b2ba Extracting 39MB / 48MB
2019-10-09 23:53:44.525 INFO  - 4a56a430b2ba Extracting 42MB / 48MB
2019-10-09 23:53:45.545 INFO  - 4a56a430b2ba Extracting 45MB / 48MB
2019-10-09 23:53:45.579 INFO  - 4d134ac3fe4b Downloading 161MB / 183MB
2019-10-09 23:53:45.926 INFO  - 4d134ac3fe4b Downloading 161MB / 183MB
2019-10-09 23:53:46.321 INFO  - 4d134ac3fe4b Downloading 162MB / 183MB
2019-10-09 23:53:46.452 INFO  - 4a56a430b2ba Extracting 46MB / 48MB
2019-10-09 23:53:46.688 INFO  - 4d134ac3fe4b Downloading 162MB / 183MB
2019-10-09 23:53:47.958 INFO  - 4d134ac3fe4b Downloading 164MB / 183MB
2019-10-09 23:53:48.196 INFO  - 4d134ac3fe4b Downloading 165MB / 183MB
2019-10-09 23:53:48.434 INFO  - 4d134ac3fe4b Downloading 166MB / 183MB
2019-10-09 23:53:48.672 INFO  - 4d134ac3fe4b Downloading 166MB / 183MB
2019-10-09 23:53:49.755 INFO  - 4d134ac3fe4b Downloading 168MB / 183MB
2019-10-09 23:53:49.877 INFO  - 4d134ac3fe4b Downloading 169MB / 183MB
2019-10-09 23:53:50.113 INFO  - 4d134ac3fe4b Downloading 169MB / 183MB
2019-10-09 23:53:50.234 INFO  - 4d134ac3fe4b Downloading 170MB / 183MB
2019-10-09 23:53:51.079 INFO  - 4d134ac3fe4b Downloading 172MB / 183MB
2019-10-09 23:53:51.199 INFO  - 4d134ac3fe4b Downloading 172MB / 183MB
2019-10-09 23:53:51.432 INFO  - 4d134ac3fe4b Downloading 173MB / 183MB
2019-10-09 23:53:51.552 INFO  - 4d134ac3fe4b Downloading 173MB / 183MB
2019-10-09 23:53:52.137 INFO  - 4d134ac3fe4b Downloading 175MB / 183MB
2019-10-09 23:53:52.282 INFO  - 4d134ac3fe4b Downloading 176MB / 183MB
2019-10-09 23:53:52.402 INFO  - 4d134ac3fe4b Downloading 176MB / 183MB
2019-10-09 23:53:52.520 INFO  - 4d134ac3fe4b Downloading 177MB / 183MB
2019-10-09 23:53:53.113 INFO  - 4d134ac3fe4b Downloading 179MB / 183MB
2019-10-09 23:53:53.252 INFO  - 4d134ac3fe4b Downloading 180MB / 183MB
2019-10-09 23:53:53.360 INFO  - 4d134ac3fe4b Downloading 180MB / 183MB
2019-10-09 23:53:53.833 INFO  - 4d134ac3fe4b Verifying Checksum
2019-10-09 23:53:53.833 INFO  - 4d134ac3fe4b Download complete
2019-10-09 23:53:57.674 INFO  - 4a56a430b2ba Extracting 47MB / 48MB
2019-10-09 23:53:58.122 INFO  - 4a56a430b2ba Extracting 48MB / 48MB
2019-10-09 23:53:58.839 INFO  - 4a56a430b2ba Pull complete
2019-10-09 23:53:59.040 INFO  - 4b5cacb629f5 Extracting 1MB / 7MB
2019-10-09 23:53:59.141 INFO  - 4b5cacb629f5 Extracting 3MB / 7MB
2019-10-09 23:53:59.241 INFO  - 4b5cacb629f5 Extracting 4MB / 7MB
2019-10-09 23:53:59.470 INFO  - 4b5cacb629f5 Extracting 7MB / 7MB
2019-10-09 23:53:59.525 INFO  - 4b5cacb629f5 Pull complete
2019-10-09 23:53:59.680 INFO  - 14408c8d4f9a Extracting 2MB / 9MB
2019-10-09 23:53:59.886 INFO  - 14408c8d4f9a Extracting 8MB / 9MB
2019-10-09 23:53:59.994 INFO  - 14408c8d4f9a Extracting 9MB / 9MB
2019-10-09 23:54:00.033 INFO  - 14408c8d4f9a Pull complete
2019-10-09 23:54:00.558 INFO  - ea67eaa7dd42 Extracting 9MB / 49MB
2019-10-09 23:54:00.791 INFO  - ea67eaa7dd42 Extracting 14MB / 49MB
2019-10-09 23:54:00.896 INFO  - ea67eaa7dd42 Extracting 16MB / 49MB
2019-10-09 23:54:01.051 INFO  - ea67eaa7dd42 Extracting 18MB / 49MB
2019-10-09 23:54:01.170 INFO  - ea67eaa7dd42 Extracting 19MB / 49MB
2019-10-09 23:54:01.744 INFO  - ea67eaa7dd42 Extracting 23MB / 49MB
2019-10-09 23:54:02.299 INFO  - ea67eaa7dd42 Extracting 30MB / 49MB
2019-10-09 23:54:02.690 INFO  - ea67eaa7dd42 Extracting 34MB / 49MB
2019-10-09 23:54:02.947 INFO  - ea67eaa7dd42 Extracting 35MB / 49MB
2019-10-09 23:54:04.154 INFO  - ea67eaa7dd42 Extracting 36MB / 49MB
2019-10-09 23:54:04.662 INFO  - ea67eaa7dd42 Extracting 38MB / 49MB
2019-10-09 23:54:05.017 INFO  - ea67eaa7dd42 Extracting 39MB / 49MB
2019-10-09 23:54:05.135 INFO  - ea67eaa7dd42 Extracting 40MB / 49MB
2019-10-09 23:54:08.491 INFO  - ea67eaa7dd42 Extracting 42MB / 49MB
2019-10-09 23:54:09.458 INFO  - ea67eaa7dd42 Extracting 49MB / 49MB
2019-10-09 23:54:09.561 INFO  - ea67eaa7dd42 Pull complete
2019-10-09 23:54:09.690 INFO  - 4d134ac3fe4b Extracting 544KB / 183MB
2019-10-09 23:54:09.949 INFO  - 4d134ac3fe4b Extracting 4MB / 183MB
2019-10-09 23:54:10.051 INFO  - 4d134ac3fe4b Extracting 5MB / 183MB
2019-10-09 23:54:10.775 INFO  - 4d134ac3fe4b Extracting 7MB / 183MB
2019-10-09 23:54:11.065 INFO  - 4d134ac3fe4b Extracting 7MB / 183MB
2019-10-09 23:54:11.229 INFO  - 4d134ac3fe4b Extracting 8MB / 183MB
2019-10-09 23:54:11.404 INFO  - 4d134ac3fe4b Extracting 9MB / 183MB
2019-10-09 23:54:13.137 INFO  - 4d134ac3fe4b Extracting 11MB / 183MB
2019-10-09 23:54:13.345 INFO  - 4d134ac3fe4b Extracting 11MB / 183MB
2019-10-09 23:54:15.091 INFO  - 4d134ac3fe4b Extracting 12MB / 183MB
2019-10-09 23:54:22.899 INFO  - 4d134ac3fe4b Extracting 12MB / 183MB
2019-10-09 23:54:24.596 INFO  - 4d134ac3fe4b Extracting 14MB / 183MB
2019-10-09 23:54:24.740 INFO  - 4d134ac3fe4b Extracting 15MB / 183MB
2019-10-09 23:54:24.972 INFO  - 4d134ac3fe4b Extracting 16MB / 183MB
2019-10-09 23:54:25.196 INFO  - 4d134ac3fe4b Extracting 19MB / 183MB
2019-10-09 23:54:25.544 INFO  - 4d134ac3fe4b Extracting 26MB / 183MB
2019-10-09 23:54:25.770 INFO  - 4d134ac3fe4b Extracting 30MB / 183MB
2019-10-09 23:54:26.112 INFO  - 4d134ac3fe4b Extracting 37MB / 183MB
2019-10-09 23:54:26.402 INFO  - 4d134ac3fe4b Extracting 40MB / 183MB
2019-10-09 23:54:26.648 INFO  - 4d134ac3fe4b Extracting 45MB / 183MB
2019-10-09 23:54:26.873 INFO  - 4d134ac3fe4b Extracting 49MB / 183MB
2019-10-09 23:54:26.994 INFO  - 4d134ac3fe4b Extracting 51MB / 183MB
2019-10-09 23:54:27.261 INFO  - 4d134ac3fe4b Extracting 55MB / 183MB
2019-10-09 23:54:33.035 INFO  - 4d134ac3fe4b Extracting 58MB / 183MB
2019-10-09 23:54:33.293 INFO  - 4d134ac3fe4b Extracting 60MB / 183MB
2019-10-09 23:54:34.018 INFO  - 4d134ac3fe4b Extracting 62MB / 183MB
2019-10-09 23:54:34.179 INFO  - 4d134ac3fe4b Extracting 63MB / 183MB
2019-10-09 23:54:34.535 INFO  - 4d134ac3fe4b Extracting 70MB / 183MB
2019-10-09 23:54:34.778 INFO  - 4d134ac3fe4b Extracting 73MB / 183MB
2019-10-09 23:54:34.996 INFO  - 4d134ac3fe4b Extracting 77MB / 183MB
2019-10-09 23:54:35.235 INFO  - 4d134ac3fe4b Extracting 81MB / 183MB
2019-10-09 23:54:35.455 INFO  - 4d134ac3fe4b Extracting 85MB / 183MB
2019-10-09 23:54:39.513 INFO  - 4d134ac3fe4b Extracting 91MB / 183MB
2019-10-09 23:54:39.818 INFO  - 4d134ac3fe4b Extracting 92MB / 183MB
2019-10-09 23:54:46.549 INFO  - 4d134ac3fe4b Extracting 92MB / 183MB
2019-10-09 23:54:48.507 INFO  - 4d134ac3fe4b Extracting 95MB / 183MB
2019-10-09 23:54:48.742 INFO  - 4d134ac3fe4b Extracting 99MB / 183MB
2019-10-09 23:54:49.091 INFO  - 4d134ac3fe4b Extracting 107MB / 183MB
2019-10-09 23:54:49.303 INFO  - 4d134ac3fe4b Extracting 110MB / 183MB
2019-10-09 23:54:49.536 INFO  - 4d134ac3fe4b Extracting 113MB / 183MB
2019-10-09 23:54:49.654 INFO  - 4d134ac3fe4b Extracting 115MB / 183MB
2019-10-09 23:54:49.776 INFO  - 4d134ac3fe4b Extracting 117MB / 183MB
2019-10-09 23:54:50.013 INFO  - 4d134ac3fe4b Extracting 121MB / 183MB
2019-10-09 23:54:50.353 INFO  - 4d134ac3fe4b Extracting 125MB / 183MB
2019-10-09 23:54:50.565 INFO  - 4d134ac3fe4b Extracting 129MB / 183MB
2019-10-09 23:54:50.827 INFO  - 4d134ac3fe4b Extracting 132MB / 183MB
2019-10-09 23:54:50.938 INFO  - 4d134ac3fe4b Extracting 133MB / 183MB
2019-10-09 23:54:51.324 INFO  - 4d134ac3fe4b Extracting 136MB / 183MB
2019-10-09 23:54:51.436 INFO  - 4d134ac3fe4b Extracting 139MB / 183MB
2019-10-09 23:54:51.541 INFO  - 4d134ac3fe4b Extracting 143MB / 183MB
2019-10-09 23:54:53.371 INFO  - 4d134ac3fe4b Extracting 148MB / 183MB
2019-10-09 23:54:56.203 INFO  - 4d134ac3fe4b Extracting 150MB / 183MB
2019-10-09 23:54:56.308 INFO  - 4d134ac3fe4b Extracting 155MB / 183MB
2019-10-09 23:54:56.422 INFO  - 4d134ac3fe4b Extracting 157MB / 183MB
2019-10-09 23:55:02.087 INFO  - 4d134ac3fe4b Extracting 161MB / 183MB
2019-10-09 23:55:02.209 INFO  - 4d134ac3fe4b Extracting 162MB / 183MB
2019-10-09 23:55:04.346 INFO  - 4d134ac3fe4b Extracting 169MB / 183MB
2019-10-09 23:55:04.704 INFO  - 4d134ac3fe4b Extracting 173MB / 183MB
2019-10-09 23:55:04.971 INFO  - 4d134ac3fe4b Extracting 176MB / 183MB
2019-10-09 23:55:05.222 INFO  - 4d134ac3fe4b Extracting 179MB / 183MB
2019-10-09 23:55:05.489 INFO  - 4d134ac3fe4b Extracting 180MB / 183MB
2019-10-09 23:55:05.667 INFO  - 4d134ac3fe4b Extracting 181MB / 183MB
2019-10-09 23:55:06.239 INFO  - 4d134ac3fe4b Extracting 183MB / 183MB
2019-10-09 23:55:06.623 INFO  - 4d134ac3fe4b Pull complete
2019-10-09 23:55:06.634 INFO  - b216c34c2d5e Extracting 199B / 199B
2019-10-09 23:55:06.640 INFO  - b216c34c2d5e Extracting 199B / 199B
2019-10-09 23:55:06.714 INFO  - b216c34c2d5e Pull complete
2019-10-09 23:55:06.896 INFO  - 5b9312a91ac2 Extracting 3MB / 20MB
2019-10-09 23:55:07.106 INFO  - 5b9312a91ac2 Extracting 6MB / 20MB
2019-10-09 23:55:07.507 INFO  - 5b9312a91ac2 Extracting 7MB / 20MB
2019-10-09 23:55:08.014 INFO  - 5b9312a91ac2 Extracting 7MB / 20MB
2019-10-09 23:55:08.689 INFO  - 5b9312a91ac2 Extracting 8MB / 20MB
2019-10-09 23:55:09.124 INFO  - 5b9312a91ac2 Extracting 8MB / 20MB
2019-10-09 23:55:09.433 INFO  - 5b9312a91ac2 Extracting 17MB / 20MB
2019-10-09 23:55:09.739 INFO  - 5b9312a91ac2 Extracting 20MB / 20MB
2019-10-09 23:55:21.825 INFO  - 5b9312a91ac2 Pull complete
2019-10-09 23:55:21.836 INFO  - 39334b284a30 Extracting 142B / 142B
2019-10-09 23:55:21.840 INFO  - 39334b284a30 Extracting 142B / 142B
2019-10-09 23:55:21.909 INFO  - 39334b284a30 Pull complete
2019-10-09 23:55:22.177 INFO  - f34a5fcb13cf Extracting 640KB / 29MB
2019-10-09 23:55:22.392 INFO  - f34a5fcb13cf Extracting 1MB / 29MB
2019-10-09 23:55:22.508 INFO  - f34a5fcb13cf Extracting 1MB / 29MB
2019-10-09 23:55:22.720 INFO  - f34a5fcb13cf Extracting 4MB / 29MB
2019-10-09 23:55:22.831 INFO  - f34a5fcb13cf Extracting 6MB / 29MB
2019-10-09 23:55:22.947 INFO  - f34a5fcb13cf Extracting 9MB / 29MB
2019-10-09 23:55:23.139 INFO  - f34a5fcb13cf Extracting 10MB / 29MB
2019-10-09 23:55:23.397 INFO  - f34a5fcb13cf Extracting 12MB / 29MB
2019-10-09 23:55:23.521 INFO  - f34a5fcb13cf Extracting 13MB / 29MB
2019-10-09 23:55:23.860 INFO  - f34a5fcb13cf Extracting 15MB / 29MB
2019-10-09 23:55:24.503 INFO  - f34a5fcb13cf Extracting 20MB / 29MB
2019-10-09 23:55:24.605 INFO  - f34a5fcb13cf Extracting 23MB / 29MB
2019-10-09 23:55:24.711 INFO  - f34a5fcb13cf Extracting 26MB / 29MB
2019-10-09 23:55:25.519 INFO  - f34a5fcb13cf Extracting 29MB / 29MB
2019-10-09 23:55:25.519 INFO  - f34a5fcb13cf Pull complete
2019-10-09 23:55:25.519 INFO  - 06d45e2ad94f Extracting 94B / 94B
2019-10-09 23:55:25.519 INFO  - 06d45e2ad94f Extracting 94B / 94B
2019-10-09 23:55:25.519 INFO  - 06d45e2ad94f Pull complete
2019-10-09 23:55:25.519 INFO  - 82ce76110a17 Extracting 1KB / 1KB
2019-10-09 23:55:25.519 INFO  - 82ce76110a17 Extracting 1KB / 1KB
2019-10-09 23:55:25.519 INFO  - 82ce76110a17 Pull complete
2019-10-09 23:55:25.519 INFO  - 06d1536607d7 Extracting 2KB / 2KB
2019-10-09 23:55:25.519 INFO  - 06d1536607d7 Extracting 2KB / 2KB
2019-10-09 23:55:27.258 INFO  - 06d1536607d7 Pull complete
2019-10-09 23:55:28.261 INFO  - 66ceb85e7bfa Extracting 544KB / 115MB
2019-10-09 23:55:28.912 INFO  - 66ceb85e7bfa Extracting 14MB / 115MB
2019-10-09 23:55:29.013 INFO  - 66ceb85e7bfa Extracting 19MB / 115MB
2019-10-09 23:55:29.508 INFO  - 66ceb85e7bfa Extracting 38MB / 115MB
2019-10-09 23:55:29.995 INFO  - 66ceb85e7bfa Extracting 40MB / 115MB
2019-10-09 23:55:30.298 INFO  - 66ceb85e7bfa Extracting 41MB / 115MB
2019-10-09 23:55:30.414 INFO  - 66ceb85e7bfa Extracting 42MB / 115MB
2019-10-09 23:55:30.728 INFO  - 66ceb85e7bfa Extracting 44MB / 115MB
2019-10-09 23:55:30.949 INFO  - 66ceb85e7bfa Extracting 46MB / 115MB
2019-10-09 23:55:31.115 INFO  - 66ceb85e7bfa Extracting 47MB / 115MB
2019-10-09 23:55:31.700 INFO  - 66ceb85e7bfa Extracting 52MB / 115MB
2019-10-09 23:55:31.972 INFO  - 66ceb85e7bfa Extracting 53MB / 115MB
2019-10-09 23:55:32.158 INFO  - 66ceb85e7bfa Extracting 54MB / 115MB
2019-10-09 23:55:32.523 INFO  - 66ceb85e7bfa Extracting 55MB / 115MB
2019-10-09 23:55:32.613 INFO  - 66ceb85e7bfa Extracting 56MB / 115MB
2019-10-09 23:55:36.696 INFO  - 66ceb85e7bfa Extracting 58MB / 115MB
2019-10-09 23:55:36.936 INFO  - 66ceb85e7bfa Extracting 58MB / 115MB
2019-10-09 23:55:40.304 INFO  - 66ceb85e7bfa Extracting 60MB / 115MB
2019-10-09 23:55:40.518 INFO  - 66ceb85e7bfa Extracting 63MB / 115MB
2019-10-09 23:55:40.889 INFO  - 66ceb85e7bfa Extracting 65MB / 115MB
2019-10-09 23:55:41.429 INFO  - 66ceb85e7bfa Extracting 67MB / 115MB
2019-10-09 23:55:41.530 INFO  - 66ceb85e7bfa Extracting 70MB / 115MB
2019-10-09 23:55:41.635 INFO  - 66ceb85e7bfa Extracting 74MB / 115MB
2019-10-09 23:55:41.742 INFO  - 66ceb85e7bfa Extracting 77MB / 115MB
2019-10-09 23:55:41.857 INFO  - 66ceb85e7bfa Extracting 81MB / 115MB
2019-10-09 23:55:42.104 INFO  - 66ceb85e7bfa Extracting 89MB / 115MB
2019-10-09 23:55:42.212 INFO  - 66ceb85e7bfa Extracting 92MB / 115MB
2019-10-09 23:55:42.324 INFO  - 66ceb85e7bfa Extracting 96MB / 115MB
2019-10-09 23:55:42.540 INFO  - 66ceb85e7bfa Extracting 97MB / 115MB
2019-10-09 23:55:42.784 INFO  - 66ceb85e7bfa Extracting 98MB / 115MB
2019-10-09 23:55:43.116 INFO  - 66ceb85e7bfa Extracting 99MB / 115MB
2019-10-09 23:55:44.403 INFO  - 66ceb85e7bfa Extracting 104MB / 115MB
2019-10-09 23:55:44.900 INFO  - 66ceb85e7bfa Extracting 106MB / 115MB
2019-10-09 23:55:45.107 INFO  - 66ceb85e7bfa Extracting 107MB / 115MB
2019-10-09 23:55:45.211 INFO  - 66ceb85e7bfa Extracting 109MB / 115MB
2019-10-09 23:55:45.743 INFO  - 66ceb85e7bfa Extracting 111MB / 115MB
2019-10-09 23:55:45.966 INFO  - 66ceb85e7bfa Extracting 112MB / 115MB
2019-10-09 23:55:53.593 INFO  - 66ceb85e7bfa Extracting 113MB / 115MB
2019-10-09 23:55:54.515 INFO  - 66ceb85e7bfa Extracting 114MB / 115MB
2019-10-09 23:55:55.140 INFO  - 66ceb85e7bfa Extracting 115MB / 115MB
2019-10-09 23:55:58.757 INFO  - 66ceb85e7bfa Pull complete
2019-10-09 23:55:58.940 INFO  - ccd3d67b4e8e Extracting 544KB / 95MB
2019-10-09 23:55:59.156 INFO  - ccd3d67b4e8e Extracting 9MB / 95MB
2019-10-09 23:55:59.260 INFO  - ccd3d67b4e8e Extracting 15MB / 95MB
2019-10-09 23:55:59.436 INFO  - ccd3d67b4e8e Extracting 19MB / 95MB
2019-10-09 23:56:00.048 INFO  - ccd3d67b4e8e Extracting 24MB / 95MB
2019-10-09 23:56:01.129 INFO  - ccd3d67b4e8e Extracting 27MB / 95MB
2019-10-09 23:56:01.323 INFO  - ccd3d67b4e8e Extracting 27MB / 95MB
2019-10-09 23:56:02.235 INFO  - ccd3d67b4e8e Extracting 28MB / 95MB
2019-10-09 23:56:02.235 INFO  - ccd3d67b4e8e Extracting 29MB / 95MB
2019-10-09 23:56:02.326 INFO  - ccd3d67b4e8e Extracting 30MB / 95MB
2019-10-09 23:56:02.426 INFO  - ccd3d67b4e8e Extracting 31MB / 95MB
2019-10-09 23:56:03.001 INFO  - ccd3d67b4e8e Extracting 32MB / 95MB
2019-10-09 23:56:03.444 INFO  - ccd3d67b4e8e Extracting 34MB / 95MB
2019-10-09 23:56:04.022 INFO  - ccd3d67b4e8e Extracting 36MB / 95MB
2019-10-09 23:56:04.450 INFO  - ccd3d67b4e8e Extracting 38MB / 95MB
2019-10-09 23:56:04.526 INFO  - ccd3d67b4e8e Extracting 38MB / 95MB
2019-10-09 23:56:04.844 INFO  - ccd3d67b4e8e Extracting 40MB / 95MB
2019-10-09 23:56:05.431 INFO  - ccd3d67b4e8e Extracting 40MB / 95MB
2019-10-09 23:56:05.784 INFO  - ccd3d67b4e8e Extracting 44MB / 95MB
2019-10-09 23:56:06.314 INFO  - ccd3d67b4e8e Extracting 44MB / 95MB
2019-10-09 23:56:07.236 INFO  - ccd3d67b4e8e Extracting 46MB / 95MB
2019-10-09 23:56:07.319 INFO  - ccd3d67b4e8e Extracting 48MB / 95MB
2019-10-09 23:56:11.128 INFO  - ccd3d67b4e8e Extracting 53MB / 95MB
2019-10-09 23:56:11.625 INFO  - ccd3d67b4e8e Extracting 54MB / 95MB
2019-10-09 23:56:12.448 INFO  - ccd3d67b4e8e Extracting 55MB / 95MB
2019-10-09 23:56:13.701 INFO  - ccd3d67b4e8e Extracting 57MB / 95MB
2019-10-09 23:56:13.844 INFO  - ccd3d67b4e8e Extracting 57MB / 95MB
2019-10-09 23:56:20.834 INFO  - ccd3d67b4e8e Extracting 59MB / 95MB
2019-10-09 23:56:21.584 INFO  - ccd3d67b4e8e Extracting 60MB / 95MB
2019-10-09 23:56:23.262 INFO  - ccd3d67b4e8e Extracting 61MB / 95MB
2019-10-09 23:56:23.659 INFO  - ccd3d67b4e8e Extracting 61MB / 95MB
2019-10-09 23:56:24.531 INFO  - ccd3d67b4e8e Extracting 63MB / 95MB
2019-10-09 23:56:24.821 INFO  - ccd3d67b4e8e Extracting 63MB / 95MB
2019-10-09 23:56:25.402 INFO  - ccd3d67b4e8e Extracting 65MB / 95MB
2019-10-09 23:56:26.296 INFO  - ccd3d67b4e8e Extracting 66MB / 95MB
2019-10-09 23:56:26.496 INFO  - ccd3d67b4e8e Extracting 67MB / 95MB
2019-10-09 23:56:27.856 INFO  - ccd3d67b4e8e Extracting 69MB / 95MB
2019-10-09 23:56:28.148 INFO  - ccd3d67b4e8e Extracting 69MB / 95MB
2019-10-09 23:56:28.715 INFO  - ccd3d67b4e8e Extracting 70MB / 95MB
2019-10-09 23:56:29.068 INFO  - ccd3d67b4e8e Extracting 71MB / 95MB
2019-10-09 23:56:29.897 INFO  - ccd3d67b4e8e Extracting 72MB / 95MB
2019-10-09 23:56:30.227 INFO  - ccd3d67b4e8e Extracting 73MB / 95MB
2019-10-09 23:56:32.359 INFO  - ccd3d67b4e8e Extracting 74MB / 95MB
2019-10-09 23:56:34.083 INFO  - ccd3d67b4e8e Extracting 76MB / 95MB
2019-10-09 23:56:34.786 INFO  - ccd3d67b4e8e Extracting 77MB / 95MB
2019-10-09 23:56:46.134 INFO  - ccd3d67b4e8e Extracting 78MB / 95MB
2019-10-09 23:56:46.461 INFO  - ccd3d67b4e8e Extracting 79MB / 95MB
2019-10-09 23:56:47.299 INFO  - ccd3d67b4e8e Extracting 80MB / 95MB
2019-10-09 23:56:47.859 INFO  - ccd3d67b4e8e Extracting 82MB / 95MB
2019-10-09 23:56:48.217 INFO  - ccd3d67b4e8e Extracting 82MB / 95MB
2019-10-09 23:56:48.698 INFO  - ccd3d67b4e8e Extracting 83MB / 95MB
2019-10-09 23:56:48.999 INFO  - ccd3d67b4e8e Extracting 84MB / 95MB
2019-10-09 23:56:49.780 INFO  - ccd3d67b4e8e Extracting 86MB / 95MB
2019-10-09 23:56:50.145 INFO  - ccd3d67b4e8e Extracting 86MB / 95MB
2019-10-09 23:56:50.351 INFO  - ccd3d67b4e8e Extracting 88MB / 95MB
2019-10-09 23:56:50.758 INFO  - ccd3d67b4e8e Extracting 90MB / 95MB
2019-10-09 23:56:53.057 INFO  - ccd3d67b4e8e Extracting 91MB / 95MB
2019-10-09 23:56:53.311 INFO  - ccd3d67b4e8e Extracting 92MB / 95MB
2019-10-09 23:56:53.971 INFO  - ccd3d67b4e8e Extracting 93MB / 95MB
2019-10-09 23:56:55.510 INFO  - ccd3d67b4e8e Extracting 94MB / 95MB
2019-10-09 23:56:58.657 INFO  - ccd3d67b4e8e Extracting 95MB / 95MB
2019-10-09 23:57:00.171 INFO  - ccd3d67b4e8e Pull complete
2019-10-09 23:57:00.281 INFO  - 4bae3de3e589 Extracting 1MB / 2MB
2019-10-09 23:57:00.356 INFO  - 4bae3de3e589 Extracting 2MB / 2MB
2019-10-09 23:57:00.379 INFO  - 4bae3de3e589 Pull complete
2019-10-09 23:57:00.488 INFO  - 377696d947f7 Extracting 544KB / 55MB
2019-10-09 23:57:00.859 INFO  - 377696d947f7 Extracting 1MB / 55MB
2019-10-09 23:57:01.272 INFO  - 377696d947f7 Extracting 2MB / 55MB
2019-10-09 23:57:02.028 INFO  - 377696d947f7 Extracting 3MB / 55MB
2019-10-09 23:57:02.569 INFO  - 377696d947f7 Extracting 4MB / 55MB
2019-10-09 23:57:03.074 INFO  - 377696d947f7 Extracting 5MB / 55MB
2019-10-09 23:57:03.704 INFO  - 377696d947f7 Extracting 9MB / 55MB
2019-10-09 23:57:04.257 INFO  - 377696d947f7 Extracting 10MB / 55MB
2019-10-09 23:57:05.138 INFO  - 377696d947f7 Extracting 11MB / 55MB
2019-10-09 23:57:05.371 INFO  - 377696d947f7 Extracting 12MB / 55MB
2019-10-09 23:57:09.871 INFO  - 377696d947f7 Extracting 13MB / 55MB
2019-10-09 23:57:12.108 INFO  - 377696d947f7 Extracting 14MB / 55MB
2019-10-09 23:57:12.684 INFO  - 377696d947f7 Extracting 15MB / 55MB
2019-10-09 23:57:13.514 INFO  - 377696d947f7 Extracting 17MB / 55MB
2019-10-09 23:57:13.999 INFO  - 377696d947f7 Extracting 18MB / 55MB
2019-10-09 23:57:14.407 INFO  - 377696d947f7 Extracting 19MB / 55MB
2019-10-09 23:57:14.887 INFO  - 377696d947f7 Extracting 20MB / 55MB
2019-10-09 23:57:24.346 INFO  - 377696d947f7 Extracting 22MB / 55MB
2019-10-09 23:57:24.517 INFO  - 377696d947f7 Extracting 23MB / 55MB
2019-10-09 23:57:24.658 INFO  - 377696d947f7 Extracting 24MB / 55MB
2019-10-09 23:57:24.870 INFO  - 377696d947f7 Extracting 26MB / 55MB
2019-10-09 23:57:25.418 INFO  - 377696d947f7 Extracting 27MB / 55MB
2019-10-09 23:57:26.346 INFO  - 377696d947f7 Extracting 29MB / 55MB
2019-10-09 23:57:26.347 INFO  - 377696d947f7 Extracting 30MB / 55MB
2019-10-09 23:57:26.437 INFO  - 377696d947f7 Extracting 31MB / 55MB
2019-10-09 23:57:27.022 INFO  - 377696d947f7 Extracting 32MB / 55MB
2019-10-09 23:57:27.258 INFO  - 377696d947f7 Extracting 33MB / 55MB
2019-10-09 23:57:27.595 INFO  - 377696d947f7 Extracting 34MB / 55MB
2019-10-09 23:57:27.773 INFO  - 377696d947f7 Extracting 35MB / 55MB
2019-10-09 23:57:28.010 INFO  - 377696d947f7 Extracting 36MB / 55MB
2019-10-09 23:57:29.116 INFO  - 377696d947f7 Extracting 39MB / 55MB
2019-10-09 23:57:29.575 INFO  - 377696d947f7 Extracting 40MB / 55MB
2019-10-09 23:57:31.597 INFO  - 377696d947f7 Extracting 41MB / 55MB
2019-10-09 23:57:31.979 INFO  - 377696d947f7 Extracting 43MB / 55MB
2019-10-09 23:57:32.811 INFO  - 377696d947f7 Extracting 44MB / 55MB
2019-10-09 23:57:33.329 INFO  - 377696d947f7 Extracting 45MB / 55MB
2019-10-09 23:57:33.760 INFO  - 377696d947f7 Extracting 46MB / 55MB
2019-10-09 23:57:34.126 INFO  - 377696d947f7 Extracting 47MB / 55MB
2019-10-09 23:57:41.047 INFO  - 377696d947f7 Extracting 48MB / 55MB
2019-10-09 23:57:41.347 INFO  - 377696d947f7 Extracting 49MB / 55MB
2019-10-09 23:57:41.759 INFO  - 377696d947f7 Extracting 51MB / 55MB
2019-10-09 23:57:42.061 INFO  - 377696d947f7 Extracting 53MB / 55MB
2019-10-09 23:57:42.319 INFO  - 377696d947f7 Extracting 54MB / 55MB
2019-10-09 23:57:42.405 INFO  - 377696d947f7 Extracting 55MB / 55MB
2019-10-09 23:57:43.427 INFO  - 377696d947f7 Pull complete
2019-10-09 23:57:43.437 INFO  - 3cf86b23c1a3 Extracting 308B / 308B
2019-10-09 23:57:43.440 INFO  - 3cf86b23c1a3 Extracting 308B / 308B
2019-10-09 23:57:43.531 INFO  - 3cf86b23c1a3 Pull complete
2019-10-09 23:57:43.619 INFO  -  Digest: sha256:a6c960c5bcc44d5eb9d300e3f038df182328d007e28f8cda70d793159a102b91
2019-10-09 23:57:43.627 INFO  -  Status: Downloaded newer image for coupons.azurecr.io/coupons:v8
2019-10-09 23:57:43.802 INFO  - Pull Image successful, Time taken: 4 Minutes and 48 Seconds
2019-10-09 23:57:44.514 INFO  - Starting container for site
2019-10-09 23:57:44.514 INFO  - docker run -d -p 51603:3000 --name couponsweb_0_4dbdd118 -e WEBSITES_PORT=3000 -e WEBSITE_SITE_NAME=couponsweb -e WEBSITE_AUTH_ENABLED=False -e WEBSITE_ROLE_INSTANCE_ID=0 -e WEBSITE_HOSTNAME=couponsweb.azurewebsites.net -e WEBSITE_INSTANCE_ID=43bb721f84f0735aa8f3e35c83a2d8c24577680eb9f6bbe4aa1cd44ad1d01771 coupons.azurecr.io/coupons:v8  

2019-10-09 23:57:44.514 INFO  - Logging is not enabled for this container.
Please use https://aka.ms/linux-diagnostics to enable logging to see container logs here.
2019-10-09 23:57:45.942 INFO  - Initiating warmup request to container couponsweb_0_4dbdd118 for site couponsweb
2019-10-09 23:58:00.022 INFO  - Container couponsweb_0_4dbdd118 for site couponsweb initialized successfully and is ready to serve requests.
